<?xml version="1.0" encoding="UTF-8"?>
<!-- Generated by org.testng.reporters.JUnitXMLReporter -->
<testsuite ignored="0" hostname="Devashishs-MacBook-Air.local" failures="0" tests="9" name="Default test" time="87.923" errors="0" timestamp="07 Apr 2021 13:27:08 GMT">
  <testcase classname="twitter.testcases.console.ConsoleTests" name="tc_001_Login" time="14.407"/>
  <testcase classname="twitter.testcases.console.ConsoleTests" name="tc_002_Explore_Tab" time="23.451"/>
  <testcase classname="twitter.testcases.console.ConsoleTests" name="tc_003_Notifications_Tab" time="8.249"/>
  <testcase classname="twitter.testcases.console.ConsoleTests" name="tc_004_Messages_Tab" time="4.177"/>
  <testcase classname="twitter.testcases.console.ConsoleTests" name="tc_005_Bookmarks_Tab" time="4.1"/>
  <testcase classname="twitter.testcases.console.ConsoleTests" name="tc_006_Lists_Tab" time="4.11"/>
  <testcase classname="twitter.testcases.console.ConsoleTests" name="tc_007_Profile_Tab" time="4.146"/>
  <testcase classname="twitter.testcases.console.ConsoleTests" name="tc_008_Search_articles" time="17.583"/>
  <testcase classname="twitter.testcases.console.ConsoleTests" name="tc_009_Tweet" time="1.076"/>
</testsuite> <!-- Default test -->
