<?xml version="1.0" encoding="UTF-8"?>
<!-- Generated by org.testng.reporters.JUnitXMLReporter -->
<testsuite ignored="0" hostname="Devashishs-MacBook-Air.local" failures="0" tests="7" name="Console-Tests-1" time="19.848" errors="0" timestamp="06 Apr 2021 19:52:53 GMT">
  <testcase classname="twitter.testcases.console.ConsoleTests" name="tc_001_Login" time="14.493"/>
  <testcase classname="twitter.testcases.console.ConsoleTests" name="tc_002_Explore_Tab" time="0.088"/>
  <testcase classname="twitter.testcases.console.ConsoleTests" name="tc_003_Notifications_Tab" time="0.062"/>
  <testcase classname="twitter.testcases.console.ConsoleTests" name="tc_004_Messages_Tab" time="0.032"/>
  <testcase classname="twitter.testcases.console.ConsoleTests" name="tc_005_Bookmarks_Tab" time="0.025"/>
  <testcase classname="twitter.testcases.console.ConsoleTests" name="tc_006_Lists_Tab" time="0.02"/>
  <testcase classname="twitter.testcases.console.ConsoleTests" name="tc_007_Profile_Tab" time="0.017"/>
</testsuite> <!-- Console-Tests-1 -->
