<?xml version="1.0" encoding="UTF-8"?>
<!-- Generated by org.testng.reporters.JUnitXMLReporter -->
<testsuite ignored="0" hostname="Devashishs-MacBook-Air.local" failures="0" tests="5" name="Console-Tests-2" time="20.384" errors="0" timestamp="06 Apr 2021 19:53:13 GMT">
  <testcase classname="twitter.testcases.console.ProfileTest" name="tc_001_Login" time="14.658"/>
  <testcase classname="twitter.testcases.console.ProfileTest" name="tc_002_Profile_Tab" time="0.041"/>
  <testcase classname="twitter.testcases.console.ProfileTest" name="tc_003_Overall_Profile_Checks" time="0.055"/>
  <testcase classname="twitter.testcases.console.ProfileTest" name="tc_004_Profile_Followers_and_Following_Checks" time="0.023"/>
  <testcase classname="twitter.testcases.console.ProfileTest" name="tc_005_Profile_Logout" time="0.023"/>
</testsuite> <!-- Console-Tests-2 -->
