<?xml version="1.0" encoding="UTF-8"?>
<testsuite xmlns:xsi="http://www.w3.org/2001/XMLSchema-instance" xsi:noNamespaceSchemaLocation="https://maven.apache.org/surefire/maven-surefire-plugin/xsd/surefire-test-report-3.0.xsd" version="3.0" name="TestSuite" time="71.303" tests="14" errors="0" skipped="0" failures="0">
  <properties>
[...]
</properties>
  <testcase name="tc_001" classname="twitter.testcases.TC_HealthCheck" time="6.167">
    <system-out><![CDATA[[TestNGContentHandler] [WARN] It is strongly recommended to add "<!DOCTYPE suite SYSTEM "http://testng.org/testng-1.0.dtd" >" at the top of your file, otherwise TestNG may fail or not work as expected.
]]></system-out>
    <system-err><![CDATA[375 [main] INFO io.github.bonigarcia.wdm.WebDriverManager - Using chromedriver 89.0.4389.23 (resolved driver for Chrome 89)
410 [main] INFO io.github.bonigarcia.wdm.WebDriverManager - Exporting webdriver.chrome.driver as /Users/isshu/.cache/selenium/chromedriver/mac64/89.0.4389.23/chromedriver
Starting ChromeDriver 89.0.4389.23 (61b08ee2c50024bab004e48d2b1b083cdbdac579-refs/branch-heads/4389@{#294}) on port 18252
Only local connections are allowed.
Please see https://chromedriver.chromium.org/security-considerations for suggestions on keeping ChromeDriver safe.
ChromeDriver was started successfully.
Apr 07, 2021 1:22:12 AM org.openqa.selenium.remote.ProtocolHandshake createSession
INFO: Detected dialect: W3C
]]></system-err>
  </testcase>
  <testcase name="tc_001" classname="twitter.testcases.TC_HealthCheck" time="6.116">
    <system-err><![CDATA[15536 [main] INFO io.github.bonigarcia.wdm.WebDriverManager - Using chromedriver 89.0.4389.23 (resolved driver for Chrome 89)
15542 [main] INFO io.github.bonigarcia.wdm.WebDriverManager - Exporting webdriver.chrome.driver as /Users/isshu/.cache/selenium/chromedriver/mac64/89.0.4389.23/chromedriver
Starting ChromeDriver 89.0.4389.23 (61b08ee2c50024bab004e48d2b1b083cdbdac579-refs/branch-heads/4389@{#294}) on port 36153
Only local connections are allowed.
Please see https://chromedriver.chromium.org/security-considerations for suggestions on keeping ChromeDriver safe.
ChromeDriver was started successfully.
Apr 07, 2021 1:22:24 AM org.openqa.selenium.remote.ProtocolHandshake createSession
INFO: Detected dialect: W3C
]]></system-err>
  </testcase>
  <testcase name="tc_001_Login[isshuchoudhary99@gmail.com, Sinrsb1699#](1)" classname="twitter.testcases.console.ConsoleTests" time="14.486">
    <system-err><![CDATA[26316 [main] INFO io.github.bonigarcia.wdm.WebDriverManager - Using chromedriver 89.0.4389.23 (resolved driver for Chrome 89)
26322 [main] INFO io.github.bonigarcia.wdm.WebDriverManager - Exporting webdriver.chrome.driver as /Users/isshu/.cache/selenium/chromedriver/mac64/89.0.4389.23/chromedriver
Starting ChromeDriver 89.0.4389.23 (61b08ee2c50024bab004e48d2b1b083cdbdac579-refs/branch-heads/4389@{#294}) on port 41306
Only local connections are allowed.
Please see https://chromedriver.chromium.org/security-considerations for suggestions on keeping ChromeDriver safe.
ChromeDriver was started successfully.
Apr 07, 2021 1:22:35 AM org.openqa.selenium.remote.ProtocolHandshake createSession
INFO: Detected dialect: W3C
]]></system-err>
  </testcase>
  <testcase name="tc_002_Explore_Tab" classname="twitter.testcases.console.ConsoleTests" time="0.088">
    <system-out><![CDATA[Error Encountered
]]></system-out>
  </testcase>
  <testcase name="tc_003_Notifications_Tab" classname="twitter.testcases.console.ConsoleTests" time="0.062">
    <system-out><![CDATA[Error Encountered
]]></system-out>
  </testcase>
  <testcase name="tc_004_Messages_Tab" classname="twitter.testcases.console.ConsoleTests" time="0.028">
    <system-out><![CDATA[Error Encountered
]]></system-out>
  </testcase>
  <testcase name="tc_005_Bookmarks_Tab" classname="twitter.testcases.console.ConsoleTests" time="0.025">
    <system-out><![CDATA[Error Encountered
]]></system-out>
  </testcase>
  <testcase name="tc_006_Lists_Tab" classname="twitter.testcases.console.ConsoleTests" time="0.019">
    <system-out><![CDATA[Error Encountered
]]></system-out>
  </testcase>
  <testcase name="tc_007_Profile_Tab" classname="twitter.testcases.console.ConsoleTests" time="0.017">
    <system-out><![CDATA[Error Encountered
]]></system-out>
  </testcase>
  <testcase name="tc_001_Login[isshuchoudhary99@gmail.com, Sinrsb1699#](1)" classname="twitter.testcases.console.ProfileTest" time="14.654">
    <system-err><![CDATA[46179 [main] INFO io.github.bonigarcia.wdm.WebDriverManager - Using chromedriver 89.0.4389.23 (resolved driver for Chrome 89)
46191 [main] INFO io.github.bonigarcia.wdm.WebDriverManager - Exporting webdriver.chrome.driver as /Users/isshu/.cache/selenium/chromedriver/mac64/89.0.4389.23/chromedriver
Starting ChromeDriver 89.0.4389.23 (61b08ee2c50024bab004e48d2b1b083cdbdac579-refs/branch-heads/4389@{#294}) on port 20813
Only local connections are allowed.
Please see https://chromedriver.chromium.org/security-considerations for suggestions on keeping ChromeDriver safe.
ChromeDriver was started successfully.
Apr 07, 2021 1:22:55 AM org.openqa.selenium.remote.ProtocolHandshake createSession
INFO: Detected dialect: W3C
]]></system-err>
  </testcase>
  <testcase name="tc_002_Profile_Tab" classname="twitter.testcases.console.ProfileTest" time="0.038">
    <system-out><![CDATA[Error Encountered
]]></system-out>
  </testcase>
  <testcase name="tc_003_Overall_Profile_Checks" classname="twitter.testcases.console.ProfileTest" time="0.056">
    <system-out><![CDATA[Error Encountered
]]></system-out>
  </testcase>
  <testcase name="tc_004_Profile_Followers_and_Following_Checks" classname="twitter.testcases.console.ProfileTest" time="0.024">
    <system-out><![CDATA[Error Encountered
]]></system-out>
  </testcase>
  <testcase name="tc_005_Profile_Logout" classname="twitter.testcases.console.ProfileTest" time="0.022">
    <system-out><![CDATA[Error Encountered
]]></system-out>
  </testcase>
</testsuite>