<?xml version="1.0" encoding="UTF-8"?>
<testng-results ignored="0" total="14" passed="14" failed="0" skipped="0">
  <reporter-output>
  </reporter-output>
  <suite started-at="2021-04-06T19:52:07Z" name="Twitter" finished-at="2021-04-06T19:53:13Z" duration-ms="66599">
    <groups>
    </groups>
    <test started-at="2021-04-06T19:52:07Z" name="Health-Check" finished-at="2021-04-06T19:52:22Z" duration-ms="15548">
      <class name="twitter.testcases.TC_HealthCheck">
        <test-method is-config="true" signature="setup()[pri:0, instance:twitter.testcases.TC_HealthCheck@72ade7e3]" started-at="2021-04-06T19:52:07Z" name="setup" finished-at="2021-04-06T19:52:16Z" duration-ms="8678" status="PASS">
          <reporter-output>
          </reporter-output>
        </test-method> <!-- setup -->
        <test-method is-config="true" signature="startReport(java.lang.reflect.Method)[pri:0, instance:twitter.testcases.TC_HealthCheck@72ade7e3]" started-at="2021-04-06T19:52:16Z" name="startReport" finished-at="2021-04-06T19:52:16Z" duration-ms="9" status="PASS">
          <params>
            <param index="0">
              <value>
                <![CDATA[public void twitter.testcases.TC_HealthCheck.tc_001() throws java.lang.InterruptedException]]>
              </value>
            </param>
          </params>
          <reporter-output>
          </reporter-output>
        </test-method> <!-- startReport -->
        <test-method signature="tc_001()[pri:0, instance:twitter.testcases.TC_HealthCheck@72ade7e3]" started-at="2021-04-06T19:52:16Z" name="tc_001" finished-at="2021-04-06T19:52:22Z" duration-ms="6188" status="PASS">
          <reporter-output>
          </reporter-output>
        </test-method> <!-- tc_001 -->
        <test-method is-config="true" signature="endReport()[pri:0, instance:twitter.testcases.TC_HealthCheck@72ade7e3]" started-at="2021-04-06T19:52:22Z" name="endReport" finished-at="2021-04-06T19:52:22Z" duration-ms="468" status="PASS">
          <reporter-output>
          </reporter-output>
        </test-method> <!-- endReport -->
        <test-method is-config="true" signature="terminate()[pri:0, instance:twitter.testcases.TC_HealthCheck@72ade7e3]" started-at="2021-04-06T19:52:22Z" name="terminate" finished-at="2021-04-06T19:52:22Z" duration-ms="163" status="PASS">
          <reporter-output>
          </reporter-output>
        </test-method> <!-- terminate -->
      </class> <!-- twitter.testcases.TC_HealthCheck -->
    </test> <!-- Health-Check -->
    <test started-at="2021-04-06T19:52:22Z" name="Login-Tests" finished-at="2021-04-06T19:52:33Z" duration-ms="10779">
      <class name="twitter.testcases.TC_HealthCheck">
        <test-method is-config="true" signature="setup()[pri:0, instance:twitter.testcases.TC_HealthCheck@6692b6c6]" started-at="2021-04-06T19:52:22Z" name="setup" finished-at="2021-04-06T19:52:27Z" duration-ms="4351" status="PASS">
          <reporter-output>
          </reporter-output>
        </test-method> <!-- setup -->
        <test-method signature="tc_001()[pri:0, instance:twitter.testcases.TC_HealthCheck@6692b6c6]" started-at="2021-04-06T19:52:27Z" name="tc_001" finished-at="2021-04-06T19:52:33Z" duration-ms="6129" status="PASS">
          <reporter-output>
          </reporter-output>
        </test-method> <!-- tc_001 -->
        <test-method is-config="true" signature="startReport(java.lang.reflect.Method)[pri:0, instance:twitter.testcases.TC_HealthCheck@6692b6c6]" started-at="2021-04-06T19:52:27Z" name="startReport" finished-at="2021-04-06T19:52:27Z" duration-ms="0" status="PASS">
          <params>
            <param index="0">
              <value>
                <![CDATA[public void twitter.testcases.TC_HealthCheck.tc_001() throws java.lang.InterruptedException]]>
              </value>
            </param>
          </params>
          <reporter-output>
          </reporter-output>
        </test-method> <!-- startReport -->
        <test-method is-config="true" signature="endReport()[pri:0, instance:twitter.testcases.TC_HealthCheck@6692b6c6]" started-at="2021-04-06T19:52:33Z" name="endReport" finished-at="2021-04-06T19:52:33Z" duration-ms="84" status="PASS">
          <reporter-output>
          </reporter-output>
        </test-method> <!-- endReport -->
        <test-method is-config="true" signature="terminate()[pri:0, instance:twitter.testcases.TC_HealthCheck@6692b6c6]" started-at="2021-04-06T19:52:33Z" name="terminate" finished-at="2021-04-06T19:52:33Z" duration-ms="213" status="PASS">
          <reporter-output>
          </reporter-output>
        </test-method> <!-- terminate -->
      </class> <!-- twitter.testcases.TC_HealthCheck -->
    </test> <!-- Login-Tests -->
    <test started-at="2021-04-06T19:52:33Z" name="Console-Tests-1" finished-at="2021-04-06T19:52:53Z" duration-ms="19848">
      <class name="twitter.testcases.console.ConsoleTests">
        <test-method is-config="true" signature="setup()[pri:0, instance:twitter.testcases.console.ConsoleTests@4ef782af]" started-at="2021-04-06T19:52:33Z" name="setup" finished-at="2021-04-06T19:52:37Z" duration-ms="4294" status="PASS">
          <reporter-output>
          </reporter-output>
        </test-method> <!-- setup -->
        <test-method is-config="true" signature="startReport(java.lang.reflect.Method)[pri:0, instance:twitter.testcases.console.ConsoleTests@4ef782af]" started-at="2021-04-06T19:52:37Z" name="startReport" finished-at="2021-04-06T19:52:37Z" duration-ms="1" status="PASS">
          <params>
            <param index="0">
              <value>
                <![CDATA[public void twitter.testcases.console.ConsoleTests.tc_001_Login(java.lang.String,java.lang.String) throws java.lang.InterruptedException]]>
              </value>
            </param>
          </params>
          <reporter-output>
          </reporter-output>
        </test-method> <!-- startReport -->
        <test-method signature="tc_001_Login(java.lang.String, java.lang.String)[pri:0, instance:twitter.testcases.console.ConsoleTests@4ef782af]" started-at="2021-04-06T19:52:37Z" name="tc_001_Login" data-provider="passing-login-details" finished-at="2021-04-06T19:52:52Z" duration-ms="14493" status="PASS">
          <params>
            <param index="0">
              <value>
                <![CDATA[isshuchoudhary99@gmail.com]]>
              </value>
            </param>
            <param index="1">
              <value>
                <![CDATA[Sinrsb1699#]]>
              </value>
            </param>
          </params>
          <reporter-output>
          </reporter-output>
        </test-method> <!-- tc_001_Login -->
        <test-method is-config="true" signature="endReport()[pri:0, instance:twitter.testcases.console.ConsoleTests@4ef782af]" started-at="2021-04-06T19:52:52Z" name="endReport" finished-at="2021-04-06T19:52:52Z" duration-ms="91" status="PASS">
          <reporter-output>
          </reporter-output>
        </test-method> <!-- endReport -->
        <test-method is-config="true" signature="startReport(java.lang.reflect.Method)[pri:0, instance:twitter.testcases.console.ConsoleTests@4ef782af]" started-at="2021-04-06T19:52:52Z" name="startReport" finished-at="2021-04-06T19:52:52Z" duration-ms="1" status="PASS">
          <params>
            <param index="0">
              <value>
                <![CDATA[public void twitter.testcases.console.ConsoleTests.tc_002_Explore_Tab() throws java.lang.InterruptedException]]>
              </value>
            </param>
          </params>
          <reporter-output>
          </reporter-output>
        </test-method> <!-- startReport -->
        <test-method signature="tc_002_Explore_Tab()[pri:1, instance:twitter.testcases.console.ConsoleTests@4ef782af]" started-at="2021-04-06T19:52:52Z" name="tc_002_Explore_Tab" finished-at="2021-04-06T19:52:52Z" duration-ms="88" status="PASS">
          <reporter-output>
          </reporter-output>
        </test-method> <!-- tc_002_Explore_Tab -->
        <test-method is-config="true" signature="endReport()[pri:0, instance:twitter.testcases.console.ConsoleTests@4ef782af]" started-at="2021-04-06T19:52:52Z" name="endReport" finished-at="2021-04-06T19:52:52Z" duration-ms="62" status="PASS">
          <reporter-output>
          </reporter-output>
        </test-method> <!-- endReport -->
        <test-method is-config="true" signature="startReport(java.lang.reflect.Method)[pri:0, instance:twitter.testcases.console.ConsoleTests@4ef782af]" started-at="2021-04-06T19:52:52Z" name="startReport" finished-at="2021-04-06T19:52:52Z" duration-ms="0" status="PASS">
          <params>
            <param index="0">
              <value>
                <![CDATA[public void twitter.testcases.console.ConsoleTests.tc_003_Notifications_Tab() throws java.lang.InterruptedException]]>
              </value>
            </param>
          </params>
          <reporter-output>
          </reporter-output>
        </test-method> <!-- startReport -->
        <test-method signature="tc_003_Notifications_Tab()[pri:2, instance:twitter.testcases.console.ConsoleTests@4ef782af]" started-at="2021-04-06T19:52:52Z" name="tc_003_Notifications_Tab" finished-at="2021-04-06T19:52:52Z" duration-ms="62" status="PASS">
          <reporter-output>
          </reporter-output>
        </test-method> <!-- tc_003_Notifications_Tab -->
        <test-method is-config="true" signature="endReport()[pri:0, instance:twitter.testcases.console.ConsoleTests@4ef782af]" started-at="2021-04-06T19:52:52Z" name="endReport" finished-at="2021-04-06T19:52:52Z" duration-ms="136" status="PASS">
          <reporter-output>
          </reporter-output>
        </test-method> <!-- endReport -->
        <test-method signature="tc_004_Messages_Tab()[pri:3, instance:twitter.testcases.console.ConsoleTests@4ef782af]" started-at="2021-04-06T19:52:52Z" name="tc_004_Messages_Tab" finished-at="2021-04-06T19:52:52Z" duration-ms="32" status="PASS">
          <reporter-output>
          </reporter-output>
        </test-method> <!-- tc_004_Messages_Tab -->
        <test-method is-config="true" signature="startReport(java.lang.reflect.Method)[pri:0, instance:twitter.testcases.console.ConsoleTests@4ef782af]" started-at="2021-04-06T19:52:52Z" name="startReport" finished-at="2021-04-06T19:52:52Z" duration-ms="0" status="PASS">
          <params>
            <param index="0">
              <value>
                <![CDATA[public void twitter.testcases.console.ConsoleTests.tc_004_Messages_Tab() throws java.lang.InterruptedException]]>
              </value>
            </param>
          </params>
          <reporter-output>
          </reporter-output>
        </test-method> <!-- startReport -->
        <test-method is-config="true" signature="endReport()[pri:0, instance:twitter.testcases.console.ConsoleTests@4ef782af]" started-at="2021-04-06T19:52:52Z" name="endReport" finished-at="2021-04-06T19:52:53Z" duration-ms="54" status="PASS">
          <reporter-output>
          </reporter-output>
        </test-method> <!-- endReport -->
        <test-method is-config="true" signature="startReport(java.lang.reflect.Method)[pri:0, instance:twitter.testcases.console.ConsoleTests@4ef782af]" started-at="2021-04-06T19:52:53Z" name="startReport" finished-at="2021-04-06T19:52:53Z" duration-ms="0" status="PASS">
          <params>
            <param index="0">
              <value>
                <![CDATA[public void twitter.testcases.console.ConsoleTests.tc_005_Bookmarks_Tab() throws java.lang.InterruptedException]]>
              </value>
            </param>
          </params>
          <reporter-output>
          </reporter-output>
        </test-method> <!-- startReport -->
        <test-method signature="tc_005_Bookmarks_Tab()[pri:4, instance:twitter.testcases.console.ConsoleTests@4ef782af]" started-at="2021-04-06T19:52:53Z" name="tc_005_Bookmarks_Tab" finished-at="2021-04-06T19:52:53Z" duration-ms="25" status="PASS">
          <reporter-output>
          </reporter-output>
        </test-method> <!-- tc_005_Bookmarks_Tab -->
        <test-method is-config="true" signature="endReport()[pri:0, instance:twitter.testcases.console.ConsoleTests@4ef782af]" started-at="2021-04-06T19:52:53Z" name="endReport" finished-at="2021-04-06T19:52:53Z" duration-ms="53" status="PASS">
          <reporter-output>
          </reporter-output>
        </test-method> <!-- endReport -->
        <test-method signature="tc_006_Lists_Tab()[pri:5, instance:twitter.testcases.console.ConsoleTests@4ef782af]" started-at="2021-04-06T19:52:53Z" name="tc_006_Lists_Tab" finished-at="2021-04-06T19:52:53Z" duration-ms="20" status="PASS">
          <reporter-output>
          </reporter-output>
        </test-method> <!-- tc_006_Lists_Tab -->
        <test-method is-config="true" signature="startReport(java.lang.reflect.Method)[pri:0, instance:twitter.testcases.console.ConsoleTests@4ef782af]" started-at="2021-04-06T19:52:53Z" name="startReport" finished-at="2021-04-06T19:52:53Z" duration-ms="0" status="PASS">
          <params>
            <param index="0">
              <value>
                <![CDATA[public void twitter.testcases.console.ConsoleTests.tc_006_Lists_Tab() throws java.lang.InterruptedException]]>
              </value>
            </param>
          </params>
          <reporter-output>
          </reporter-output>
        </test-method> <!-- startReport -->
        <test-method is-config="true" signature="endReport()[pri:0, instance:twitter.testcases.console.ConsoleTests@4ef782af]" started-at="2021-04-06T19:52:53Z" name="endReport" finished-at="2021-04-06T19:52:53Z" duration-ms="51" status="PASS">
          <reporter-output>
          </reporter-output>
        </test-method> <!-- endReport -->
        <test-method is-config="true" signature="startReport(java.lang.reflect.Method)[pri:0, instance:twitter.testcases.console.ConsoleTests@4ef782af]" started-at="2021-04-06T19:52:53Z" name="startReport" finished-at="2021-04-06T19:52:53Z" duration-ms="1" status="PASS">
          <params>
            <param index="0">
              <value>
                <![CDATA[public void twitter.testcases.console.ConsoleTests.tc_007_Profile_Tab() throws java.lang.InterruptedException]]>
              </value>
            </param>
          </params>
          <reporter-output>
          </reporter-output>
        </test-method> <!-- startReport -->
        <test-method signature="tc_007_Profile_Tab()[pri:6, instance:twitter.testcases.console.ConsoleTests@4ef782af]" started-at="2021-04-06T19:52:53Z" name="tc_007_Profile_Tab" finished-at="2021-04-06T19:52:53Z" duration-ms="17" status="PASS">
          <reporter-output>
          </reporter-output>
        </test-method> <!-- tc_007_Profile_Tab -->
        <test-method is-config="true" signature="endReport()[pri:0, instance:twitter.testcases.console.ConsoleTests@4ef782af]" started-at="2021-04-06T19:52:53Z" name="endReport" finished-at="2021-04-06T19:52:53Z" duration-ms="44" status="PASS">
          <reporter-output>
          </reporter-output>
        </test-method> <!-- endReport -->
        <test-method is-config="true" signature="terminate()[pri:0, instance:twitter.testcases.console.ConsoleTests@4ef782af]" started-at="2021-04-06T19:52:53Z" name="terminate" finished-at="2021-04-06T19:52:53Z" duration-ms="303" status="PASS">
          <reporter-output>
          </reporter-output>
        </test-method> <!-- terminate -->
      </class> <!-- twitter.testcases.console.ConsoleTests -->
    </test> <!-- Console-Tests-1 -->
    <test started-at="2021-04-06T19:52:53Z" name="Console-Tests-2" finished-at="2021-04-06T19:53:13Z" duration-ms="20384">
      <class name="twitter.testcases.console.ProfileTest">
        <test-method is-config="true" signature="setup()[pri:0, instance:twitter.testcases.console.ProfileTest@1c39680d]" started-at="2021-04-06T19:52:53Z" name="setup" finished-at="2021-04-06T19:52:58Z" duration-ms="5040" status="PASS">
          <reporter-output>
          </reporter-output>
        </test-method> <!-- setup -->
        <test-method is-config="true" signature="startReport(java.lang.reflect.Method)[pri:0, instance:twitter.testcases.console.ProfileTest@1c39680d]" started-at="2021-04-06T19:52:58Z" name="startReport" finished-at="2021-04-06T19:52:58Z" duration-ms="1" status="PASS">
          <params>
            <param index="0">
              <value>
                <![CDATA[public void twitter.testcases.console.ProfileTest.tc_001_Login(java.lang.String,java.lang.String) throws java.lang.InterruptedException]]>
              </value>
            </param>
          </params>
          <reporter-output>
          </reporter-output>
        </test-method> <!-- startReport -->
        <test-method signature="tc_001_Login(java.lang.String, java.lang.String)[pri:0, instance:twitter.testcases.console.ProfileTest@1c39680d]" started-at="2021-04-06T19:52:58Z" name="tc_001_Login" data-provider="passing-login-details" finished-at="2021-04-06T19:53:13Z" duration-ms="14658" status="PASS">
          <params>
            <param index="0">
              <value>
                <![CDATA[isshuchoudhary99@gmail.com]]>
              </value>
            </param>
            <param index="1">
              <value>
                <![CDATA[Sinrsb1699#]]>
              </value>
            </param>
          </params>
          <reporter-output>
          </reporter-output>
        </test-method> <!-- tc_001_Login -->
        <test-method is-config="true" signature="endReport()[pri:0, instance:twitter.testcases.console.ProfileTest@1c39680d]" started-at="2021-04-06T19:53:13Z" name="endReport" finished-at="2021-04-06T19:53:13Z" duration-ms="86" status="PASS">
          <reporter-output>
          </reporter-output>
        </test-method> <!-- endReport -->
        <test-method is-config="true" signature="startReport(java.lang.reflect.Method)[pri:0, instance:twitter.testcases.console.ProfileTest@1c39680d]" started-at="2021-04-06T19:53:13Z" name="startReport" finished-at="2021-04-06T19:53:13Z" duration-ms="1" status="PASS">
          <params>
            <param index="0">
              <value>
                <![CDATA[public void twitter.testcases.console.ProfileTest.tc_002_Profile_Tab() throws java.lang.InterruptedException]]>
              </value>
            </param>
          </params>
          <reporter-output>
          </reporter-output>
        </test-method> <!-- startReport -->
        <test-method signature="tc_002_Profile_Tab()[pri:1, instance:twitter.testcases.console.ProfileTest@1c39680d]" started-at="2021-04-06T19:53:13Z" name="tc_002_Profile_Tab" finished-at="2021-04-06T19:53:13Z" duration-ms="41" status="PASS">
          <reporter-output>
          </reporter-output>
        </test-method> <!-- tc_002_Profile_Tab -->
        <test-method is-config="true" signature="endReport()[pri:0, instance:twitter.testcases.console.ProfileTest@1c39680d]" started-at="2021-04-06T19:53:13Z" name="endReport" finished-at="2021-04-06T19:53:13Z" duration-ms="52" status="PASS">
          <reporter-output>
          </reporter-output>
        </test-method> <!-- endReport -->
        <test-method is-config="true" signature="startReport(java.lang.reflect.Method)[pri:0, instance:twitter.testcases.console.ProfileTest@1c39680d]" started-at="2021-04-06T19:53:13Z" name="startReport" finished-at="2021-04-06T19:53:13Z" duration-ms="1" status="PASS">
          <params>
            <param index="0">
              <value>
                <![CDATA[public void twitter.testcases.console.ProfileTest.tc_003_Overall_Profile_Checks() throws java.lang.InterruptedException]]>
              </value>
            </param>
          </params>
          <reporter-output>
          </reporter-output>
        </test-method> <!-- startReport -->
        <test-method signature="tc_003_Overall_Profile_Checks()[pri:2, instance:twitter.testcases.console.ProfileTest@1c39680d]" started-at="2021-04-06T19:53:13Z" name="tc_003_Overall_Profile_Checks" finished-at="2021-04-06T19:53:13Z" duration-ms="55" status="PASS">
          <reporter-output>
          </reporter-output>
        </test-method> <!-- tc_003_Overall_Profile_Checks -->
        <test-method is-config="true" signature="endReport()[pri:0, instance:twitter.testcases.console.ProfileTest@1c39680d]" started-at="2021-04-06T19:53:13Z" name="endReport" finished-at="2021-04-06T19:53:13Z" duration-ms="45" status="PASS">
          <reporter-output>
          </reporter-output>
        </test-method> <!-- endReport -->
        <test-method signature="tc_004_Profile_Followers_and_Following_Checks()[pri:3, instance:twitter.testcases.console.ProfileTest@1c39680d]" started-at="2021-04-06T19:53:13Z" name="tc_004_Profile_Followers_and_Following_Checks" finished-at="2021-04-06T19:53:13Z" duration-ms="23" status="PASS">
          <reporter-output>
          </reporter-output>
        </test-method> <!-- tc_004_Profile_Followers_and_Following_Checks -->
        <test-method is-config="true" signature="startReport(java.lang.reflect.Method)[pri:0, instance:twitter.testcases.console.ProfileTest@1c39680d]" started-at="2021-04-06T19:53:13Z" name="startReport" finished-at="2021-04-06T19:53:13Z" duration-ms="0" status="PASS">
          <params>
            <param index="0">
              <value>
                <![CDATA[public void twitter.testcases.console.ProfileTest.tc_004_Profile_Followers_and_Following_Checks() throws java.lang.InterruptedException]]>
              </value>
            </param>
          </params>
          <reporter-output>
          </reporter-output>
        </test-method> <!-- startReport -->
        <test-method is-config="true" signature="endReport()[pri:0, instance:twitter.testcases.console.ProfileTest@1c39680d]" started-at="2021-04-06T19:53:13Z" name="endReport" finished-at="2021-04-06T19:53:13Z" duration-ms="49" status="PASS">
          <reporter-output>
          </reporter-output>
        </test-method> <!-- endReport -->
        <test-method is-config="true" signature="startReport(java.lang.reflect.Method)[pri:0, instance:twitter.testcases.console.ProfileTest@1c39680d]" started-at="2021-04-06T19:53:13Z" name="startReport" finished-at="2021-04-06T19:53:13Z" duration-ms="0" status="PASS">
          <params>
            <param index="0">
              <value>
                <![CDATA[public void twitter.testcases.console.ProfileTest.tc_005_Profile_Logout() throws java.lang.InterruptedException]]>
              </value>
            </param>
          </params>
          <reporter-output>
          </reporter-output>
        </test-method> <!-- startReport -->
        <test-method signature="tc_005_Profile_Logout()[pri:4, instance:twitter.testcases.console.ProfileTest@1c39680d]" started-at="2021-04-06T19:53:13Z" name="tc_005_Profile_Logout" finished-at="2021-04-06T19:53:13Z" duration-ms="23" status="PASS">
          <reporter-output>
          </reporter-output>
        </test-method> <!-- tc_005_Profile_Logout -->
        <test-method is-config="true" signature="endReport()[pri:0, instance:twitter.testcases.console.ProfileTest@1c39680d]" started-at="2021-04-06T19:53:13Z" name="endReport" finished-at="2021-04-06T19:53:13Z" duration-ms="40" status="PASS">
          <reporter-output>
          </reporter-output>
        </test-method> <!-- endReport -->
        <test-method is-config="true" signature="terminate()[pri:0, instance:twitter.testcases.console.ProfileTest@1c39680d]" started-at="2021-04-06T19:53:13Z" name="terminate" finished-at="2021-04-06T19:53:13Z" duration-ms="258" status="PASS">
          <reporter-output>
          </reporter-output>
        </test-method> <!-- terminate -->
      </class> <!-- twitter.testcases.console.ProfileTest -->
    </test> <!-- Console-Tests-2 -->
  </suite> <!-- Twitter -->
</testng-results>
